###############################################################
#  Generated by:      Cadence Innovus 16.12-s051_1
#  OS:                Linux x86_64(Host ID ee215lnx10.ecn.purdue.edu)
#  Generated on:      Tue Mar  7 12:51:41 2017
#  Design:            lab7_layout_design
#  Command:           verifyConnectivity -type all -error 1000 -warning 50
###############################################################
Verify Connectivity Report is created on Tue Mar  7 12:51:41 2017



Net gnd, Pin G1/gnd: has an unconnected terminal at (298.800, 627.000) (300.000, 655.800)
Net gnd, Pin G3/gnd: has an unconnected terminal at (1312.800, 627.000) (1314.000, 655.800)
Net gnd: has special routes with opens at (330.150, 330.450) (1282.650, 1241.550)
Net gnd: has special routes with opens at (541.500, 1264.500) (570.300, 1273.200)
Net gnd: has special routes with opens at (842.100, 298.800) (870.900, 307.500)
Net gnd: has special routes with opens at (541.500, 1231.650) (570.300, 1267.500)
Net gnd: has special routes with opens at (842.100, 304.500) (870.900, 340.350)
Net gnd: dangling Wire at (555.900, 1231.650) (555.900, 1231.650) on layer: M2
Net gnd: dangling Wire at (555.900, 1267.500) (555.900, 1267.500) on layer: M2
Net gnd: dangling Wire at (856.500, 304.500) (856.500, 304.500) on layer: M2
Net gnd: dangling Wire at (856.500, 340.350) (856.500, 340.350) on layer: M2

Begin Summary
    2 Problem(s) (IMPVFC-96): Terminal(s) are not connected.
    5 Problem(s) (IMPVFC-200): Special Wires: Pieces of the net are not connected together.
    4 Problem(s) (IMPVFC-94): The net has dangling wire(s).
    11 total info(s) created.
End Summary
